[1/10] 2026-05-16 fbdefec43 building...
    SKIP (build failed: For more information about an error, try `rustc --explain E0061`. | warning: `redis-core` (lib) generated 5 warnings | error: could not compile `redis-core` (lib) due to 19 previous errors; 5 warnings emitted)
[2/10] 2026-05-17 81c646a49 building...
    unit/type/string               no-summary
    unit/type/incr                 no-summary
    unit/type/list                 no-summary
    unit/type/hash                 no-summary
    unit/type/set                  no-summary
    unit/type/zset                 no-summary
    unit/type/stream               no-summary
    unit/type/stream-cgroups       no-summary
    unit/protocol                  no-summary
    unit/keyspace                  no-summary
    unit/expire                    no-summary
    unit/bitops                    no-summary
    unit/geo                       no-summary
    unit/scan                      no-summary
[3/10] 2026-05-18 3420794c0 building...
    unit/type/string               no-summary
    unit/type/incr                 no-summary
    unit/type/list                 no-summary
    unit/type/hash                 no-summary
    unit/type/set                  no-summary
    unit/type/zset                 no-summary
    unit/type/stream               no-summary
    unit/type/stream-cgroups       no-summary
    unit/protocol                  no-summary
    unit/keyspace                  no-summary
    unit/expire                    no-summary
    unit/bitops                    no-summary
    unit/geo                       no-summary
    unit/scan                      no-summary
[4/10] 2026-05-19 970f2a1ef building...
    unit/type/string               no-summary
    unit/type/incr                 no-summary
    unit/type/list                 no-summary
    unit/type/hash                 no-summary
    unit/type/set                  no-summary
    unit/type/zset                 no-summary
    unit/type/stream               no-summary
    unit/type/stream-cgroups       no-summary
    unit/protocol                  no-summary
    unit/keyspace                  no-summary
    unit/expire                    no-summary
    unit/bitops                    no-summary
    unit/geo                       no-summary
    unit/scan                      no-summary
[5/10] 2026-05-20 47915ba1b building...
    unit/type/string               no-summary
    unit/type/incr                 no-summary
    unit/type/list                 no-summary
    unit/type/hash                 no-summary
    unit/type/set                  no-summary
    unit/type/zset                 no-summary
    unit/type/stream               no-summary
    unit/type/stream-cgroups       no-summary
    unit/protocol                  no-summary
    unit/keyspace                  no-summary
    unit/expire                    no-summary
    unit/bitops                    no-summary
    unit/geo                       no-summary
    unit/scan                      no-summary
[6/10] 2026-05-21 ca0ab1b22 building...
    unit/type/string               no-summary
    unit/type/incr                 no-summary
    unit/type/list                 no-summary
    unit/type/hash                 no-summary
    unit/type/set                  no-summary
    unit/type/zset                 no-summary
    unit/type/stream               no-summary
    unit/type/stream-cgroups       no-summary
    unit/protocol                  no-summary
    unit/keyspace                  no-summary
    unit/expire                    no-summary
    unit/bitops                    no-summary
    unit/geo                       no-summary
    unit/scan                      no-summary
[7/10] 2026-05-22 c6ed196ff building...
    unit/type/string               no-summary
    unit/type/incr                 no-summary
    unit/type/list                 no-summary
    unit/type/hash                 no-summary
    unit/type/set                  no-summary
    unit/type/zset                 no-summary
    unit/type/stream               no-summary
    unit/type/stream-cgroups       no-summary
    unit/protocol                  no-summary
    unit/keyspace                  no-summary
    unit/expire                    no-summary
    unit/bitops                    no-summary
    unit/geo                       no-summary
    unit/scan                      no-summary
[8/10] 2026-05-23 a93a2ad1a building...
    unit/type/string               no-summary
    unit/type/incr                 no-summary
    unit/type/list                 no-summary
    unit/type/hash                 no-summary
    unit/type/set                  no-summary
    unit/type/zset                 no-summary
    unit/type/stream               no-summary
    unit/type/stream-cgroups       no-summary
    unit/protocol                  no-summary
    unit/keyspace                  no-summary
    unit/expire                    no-summary
    unit/bitops                    no-summary
    unit/geo                       no-summary
    unit/scan                      no-summary
[9/10] 2026-05-24 32667a1b6 building...
    unit/type/string               no-summary
    unit/type/incr                 no-summary
    unit/type/list                 no-summary
    unit/type/hash                 no-summary
    unit/type/set                  no-summary
    unit/type/zset                 no-summary
    unit/type/stream               no-summary
    unit/type/stream-cgroups       no-summary
    unit/protocol                  no-summary
    unit/keyspace                  no-summary
    unit/expire                    no-summary
    unit/bitops                    no-summary
    unit/geo                       no-summary
    unit/scan                      no-summary
[10/10] 2026-05-25 6e2d817c5 building...
    unit/type/string               no-summary
    unit/type/incr                 no-summary
    unit/type/list                 no-summary
    unit/type/hash                 no-summary
    unit/type/set                  no-summary
    unit/type/zset                 no-summary
    unit/type/stream               no-summary
    unit/type/stream-cgroups       no-summary
    unit/protocol                  no-summary
    unit/keyspace                  no-summary
    unit/expire                    no-summary
    unit/bitops                    no-summary
    unit/geo                       no-summary
    unit/scan                      no-summary
done -> /Users/ianmclaughlin/PycharmProjects/rustExperiments/redis-rs-port/convergence-data.json
